#
# There is insufficient memory for the Java Runtime Environment to continue.
# Native memory allocation (malloc) failed to allocate 1329872 bytes. Error detail: Chunk::new
# Possible reasons:
#   The system is out of physical RAM or swap space
#   This process is running with CompressedOops enabled, and the Java Heap may be blocking the growth of the native heap
# Possible solutions:
#   Reduce memory load on the system
#   Increase physical memory or swap space
#   Check if swap backing store is full
#   Decrease Java heap size (-Xmx/-Xms)
#   Decrease number of Java threads
#   Decrease Java thread stack sizes (-Xss)
#   Set larger code cache with -XX:ReservedCodeCacheSize=
#   JVM is running with Unscaled Compressed Oops mode in which the Java heap is
#     placed in the first 4GB address space. The Java Heap base address is the
#     maximum limit for the native heap growth. Please use -XX:HeapBaseMinAddress
#     to set the Java Heap base and to place the Java Heap above 4GB virtual address.
# This output file may be truncated or incomplete.
#
#  Out of Memory Error (arena.cpp:191), pid=22532, tid=16096
#
# JRE version: OpenJDK Runtime Environment Temurin-17.0.12+7 (17.0.12+7) (build 17.0.12+7)
# Java VM: OpenJDK 64-Bit Server VM Temurin-17.0.12+7 (17.0.12+7, mixed mode, tiered, compressed oops, compressed class ptrs, parallel gc, windows-amd64)
# No core dump will be written. Minidumps are not enabled by default on client versions of Windows
#

---------------  S U M M A R Y ------------

Command Line: --add-modules=ALL-SYSTEM --add-opens=java.base/java.util=ALL-UNNAMED --add-opens=java.base/java.lang=ALL-UNNAMED --add-opens=java.base/sun.nio.fs=ALL-UNNAMED -Declipse.application=org.eclipse.jdt.ls.core.id1 -Dosgi.bundles.defaultStartLevel=4 -Declipse.product=org.eclipse.jdt.ls.core.product -Djava.import.generatesMetadataFilesAtProjectRoot=false -DDetectVMInstallationsJob.disabled=true -Dfile.encoding=utf8 -XX:+UseParallelGC -XX:GCTimeRatio=4 -XX:AdaptiveSizePolicyWeight=90 -Dsun.zip.disableMemoryMapping=true -Xmx1G -Xms100m -Xlog:disable -javaagent:c:\Users\ADMIN\.vscode\extensions\redhat.java-1.35.1-win32-x64\lombok\lombok-1.18.33.jar c:\Users\ADMIN\.vscode\extensions\redhat.java-1.35.1-win32-x64\server\plugins\org.eclipse.equinox.launcher_1.6.900.v20240613-2009.jar -configuration c:\Users\ADMIN\AppData\Roaming\Code\User\globalStorage\redhat.java\1.35.1\config_ss_win -data c:\Users\ADMIN\AppData\Roaming\Code\User\workspaceStorage\51f3c05196406fc1e99e46b9fb7eb1d3\redhat.java\ss_ws --pipe=\\.\pipe\lsp-79d39edc113465ac0f564bc08c789eba-sock

Host: 11th Gen Intel(R) Core(TM) i5-11400H @ 2.70GHz, 12 cores, 15G,  Windows 11 , 64 bit Build 22621 (10.0.22621.3958)
Time: Sat Oct 26 23:54:04 2024 SE Asia Standard Time elapsed time: 4.409906 seconds (0d 0h 0m 4s)

---------------  T H R E A D  ---------------

Current thread (0x00000215634994a0):  JavaThread "C2 CompilerThread1" daemon [_thread_in_native, id=16096, stack(0x0000006e1b100000,0x0000006e1b200000)]


Current CompileTask:
C2:   4409 2804       4       jdk.internal.org.objectweb.asm.Frame::execute (2318 bytes)

Stack: [0x0000006e1b100000,0x0000006e1b200000]
Native frames: (J=compiled Java code, j=interpreted, Vv=VM code, C=native code)
V  [jvm.dll+0x67f929]
V  [jvm.dll+0x8371ba]
V  [jvm.dll+0x838c7e]
V  [jvm.dll+0x8392e3]
V  [jvm.dll+0x24834f]
V  [jvm.dll+0xac9d4]
V  [jvm.dll+0xad01c]
V  [jvm.dll+0x3674a7]
V  [jvm.dll+0x33197a]
V  [jvm.dll+0x330e1a]
V  [jvm.dll+0x21a8b1]
V  [jvm.dll+0x219cf1]
V  [jvm.dll+0x1a58bd]
V  [jvm.dll+0x229a2d]
V  [jvm.dll+0x227bdc]
V  [jvm.dll+0x7ec1f7]
V  [jvm.dll+0x7e65dc]
V  [jvm.dll+0x67e7f7]
C  [ucrtbase.dll+0x29333]
C  [KERNEL32.DLL+0x1257d]
C  [ntdll.dll+0x5af08]


---------------  P R O C E S S  ---------------

Threads class SMR info:
_java_thread_list=0x0000021564f5aa00, length=39, elements={
0x000002154805f770, 0x000002155beed2c0, 0x00000215611757b0, 0x00000215611a2310,
0x00000215611a2be0, 0x00000215611a5d60, 0x00000215611a6e70, 0x00000215611af590,
0x00000215611aff50, 0x00000215611b1000, 0x00000215480c3fc0, 0x00000215627e7fc0,
0x0000021562f9fd70, 0x00000215612db4d0, 0x00000215632fa890, 0x00000215630f3390,
0x0000021563132cf0, 0x00000215633123b0, 0x00000215633137f0, 0x0000021563314210,
0x00000215634994a0, 0x000002156358f030, 0x0000021563314720, 0x0000021563312dd0,
0x0000021563314c30, 0x0000021563315140, 0x0000021563315650, 0x00000215633128c0,
0x0000021563315b60, 0x00000215633132e0, 0x0000021563313d00, 0x0000021564511c10,
0x000002156450cb10, 0x00000215645102c0, 0x0000021564512630, 0x0000021564512120,
0x00000215645111f0, 0x0000021564513050, 0x000002156450f390
}

Java Threads: ( => current thread )
  0x000002154805f770 JavaThread "main" [_thread_in_native, id=10280, stack(0x0000006e19100000,0x0000006e19200000)]
  0x000002155beed2c0 JavaThread "Reference Handler" daemon [_thread_blocked, id=3628, stack(0x0000006e19400000,0x0000006e19500000)]
  0x00000215611757b0 JavaThread "Finalizer" daemon [_thread_blocked, id=20936, stack(0x0000006e19500000,0x0000006e19600000)]
  0x00000215611a2310 JavaThread "Signal Dispatcher" daemon [_thread_blocked, id=22740, stack(0x0000006e19600000,0x0000006e19700000)]
  0x00000215611a2be0 JavaThread "Attach Listener" daemon [_thread_blocked, id=7884, stack(0x0000006e19700000,0x0000006e19800000)]
  0x00000215611a5d60 JavaThread "Service Thread" daemon [_thread_blocked, id=9944, stack(0x0000006e19800000,0x0000006e19900000)]
  0x00000215611a6e70 JavaThread "Monitor Deflation Thread" daemon [_thread_blocked, id=22516, stack(0x0000006e19900000,0x0000006e19a00000)]
  0x00000215611af590 JavaThread "C2 CompilerThread0" daemon [_thread_blocked, id=21652, stack(0x0000006e19a00000,0x0000006e19b00000)]
  0x00000215611aff50 JavaThread "C1 CompilerThread0" daemon [_thread_blocked, id=1996, stack(0x0000006e19b00000,0x0000006e19c00000)]
  0x00000215611b1000 JavaThread "Sweeper thread" daemon [_thread_blocked, id=21780, stack(0x0000006e19c00000,0x0000006e19d00000)]
  0x00000215480c3fc0 JavaThread "Common-Cleaner" daemon [_thread_blocked, id=6572, stack(0x0000006e19d00000,0x0000006e19e00000)]
  0x00000215627e7fc0 JavaThread "Notification Thread" daemon [_thread_blocked, id=17520, stack(0x0000006e19f00000,0x0000006e1a000000)]
  0x0000021562f9fd70 JavaThread "Active Thread: Equinox Container: bea5653f-801d-47ac-a341-4908db39a533" [_thread_blocked, id=23036, stack(0x0000006e1a800000,0x0000006e1a900000)]
  0x00000215612db4d0 JavaThread "Framework Event Dispatcher: Equinox Container: bea5653f-801d-47ac-a341-4908db39a533" daemon [_thread_blocked, id=20104, stack(0x0000006e19e00000,0x0000006e19f00000)]
  0x00000215632fa890 JavaThread "Start Level: Equinox Container: bea5653f-801d-47ac-a341-4908db39a533" daemon [_thread_blocked, id=10896, stack(0x0000006e1a100000,0x0000006e1a200000)]
  0x00000215630f3390 JavaThread "SCR Component Actor" daemon [_thread_blocked, id=21204, stack(0x0000006e1a900000,0x0000006e1aa00000)]
  0x0000021563132cf0 JavaThread "SCR Component Registry" daemon [_thread_blocked, id=6808, stack(0x0000006e1ab00000,0x0000006e1ac00000)]
  0x00000215633123b0 JavaThread "Worker-JM" [_thread_blocked, id=2864, stack(0x0000006e1ac00000,0x0000006e1ad00000)]
  0x00000215633137f0 JavaThread "Worker-0" [_thread_blocked, id=5392, stack(0x0000006e1af00000,0x0000006e1b000000)]
  0x0000021563314210 JavaThread "Worker-1" [_thread_blocked, id=11792, stack(0x0000006e1b000000,0x0000006e1b100000)]
=>0x00000215634994a0 JavaThread "C2 CompilerThread1" daemon [_thread_in_native, id=16096, stack(0x0000006e1b100000,0x0000006e1b200000)]
  0x000002156358f030 JavaThread "C2 CompilerThread2" daemon [_thread_blocked, id=5640, stack(0x0000006e1b200000,0x0000006e1b300000)]
  0x0000021563314720 JavaThread "JNA Cleaner" daemon [_thread_blocked, id=20320, stack(0x0000006e1b300000,0x0000006e1b400000)]
  0x0000021563312dd0 JavaThread "Thread-2" daemon [_thread_in_native, id=19764, stack(0x0000006e1b400000,0x0000006e1b500000)]
  0x0000021563314c30 JavaThread "Thread-3" daemon [_thread_in_native, id=23296, stack(0x0000006e1b500000,0x0000006e1b600000)]
  0x0000021563315140 JavaThread "Thread-4" daemon [_thread_in_native, id=15904, stack(0x0000006e1b600000,0x0000006e1b700000)]
  0x0000021563315650 JavaThread "Thread-5" daemon [_thread_in_native, id=15388, stack(0x0000006e1b700000,0x0000006e1b800000)]
  0x00000215633128c0 JavaThread "Thread-6" daemon [_thread_in_native, id=12480, stack(0x0000006e1b800000,0x0000006e1b900000)]
  0x0000021563315b60 JavaThread "Thread-7" daemon [_thread_in_native, id=17288, stack(0x0000006e1b900000,0x0000006e1ba00000)]
  0x00000215633132e0 JavaThread "Thread-8" daemon [_thread_in_native, id=10636, stack(0x0000006e1ba00000,0x0000006e1bb00000)]
  0x0000021563313d00 JavaThread "Thread-9" daemon [_thread_in_native, id=17576, stack(0x0000006e1bb00000,0x0000006e1bc00000)]
  0x0000021564511c10 JavaThread "Thread-10" daemon [_thread_in_native, id=1552, stack(0x0000006e1bc00000,0x0000006e1bd00000)]
  0x000002156450cb10 JavaThread "Thread-11" daemon [_thread_in_native, id=4708, stack(0x0000006e1bd00000,0x0000006e1be00000)]
  0x00000215645102c0 JavaThread "Thread-12" daemon [_thread_in_native, id=18748, stack(0x0000006e1be00000,0x0000006e1bf00000)]
  0x0000021564512630 JavaThread "Thread-13" daemon [_thread_in_native, id=10072, stack(0x0000006e1bf00000,0x0000006e1c000000)]
  0x0000021564512120 JavaThread "Thread-14" daemon [_thread_in_native, id=19016, stack(0x0000006e1c000000,0x0000006e1c100000)]
  0x00000215645111f0 JavaThread "pool-2-thread-1" [_thread_blocked, id=21560, stack(0x0000006e1c100000,0x0000006e1c200000)]
  0x0000021564513050 JavaThread "WorkspaceEventsHandler" [_thread_blocked, id=18556, stack(0x0000006e1c200000,0x0000006e1c300000)]
  0x000002156450f390 JavaThread "pool-1-thread-1" [_thread_in_vm, id=21920, stack(0x0000006e1c300000,0x0000006e1c400000)]

Other Threads:
  0x000002154810ea80 VMThread "VM Thread" [stack: 0x0000006e19300000,0x0000006e19400000] [id=12904]
  0x00000215627e84a0 WatcherThread [stack: 0x0000006e1a000000,0x0000006e1a100000] [id=3012]
  0x00000215480752e0 GCTaskThread "GC Thread#0" [stack: 0x0000006e19200000,0x0000006e19300000] [id=19920]
  0x0000021562b54420 GCTaskThread "GC Thread#1" [stack: 0x0000006e1a200000,0x0000006e1a300000] [id=20636]
  0x0000021562dc69f0 GCTaskThread "GC Thread#2" [stack: 0x0000006e1a300000,0x0000006e1a400000] [id=18348]
  0x0000021562dc6cb0 GCTaskThread "GC Thread#3" [stack: 0x0000006e1a400000,0x0000006e1a500000] [id=13468]
  0x0000021562dc6f70 GCTaskThread "GC Thread#4" [stack: 0x0000006e1a500000,0x0000006e1a600000] [id=15968]
  0x0000021562f513a0 GCTaskThread "GC Thread#5" [stack: 0x0000006e1a600000,0x0000006e1a700000] [id=17016]
  0x0000021562f51870 GCTaskThread "GC Thread#6" [stack: 0x0000006e1a700000,0x0000006e1a800000] [id=14776]
  0x00000215631bed80 GCTaskThread "GC Thread#7" [stack: 0x0000006e1aa00000,0x0000006e1ab00000] [id=16272]
  0x00000215631bfb40 GCTaskThread "GC Thread#8" [stack: 0x0000006e1ad00000,0x0000006e1ae00000] [id=13676]
  0x00000215631bf040 GCTaskThread "GC Thread#9" [stack: 0x0000006e1ae00000,0x0000006e1af00000] [id=18464]

Threads with active compile tasks:
C2 CompilerThread1     4425 2804       4       jdk.internal.org.objectweb.asm.Frame::execute (2318 bytes)

VM state: not at safepoint (normal execution)

VM Mutex/Monitor currently owned by a thread: None

Heap address: 0x00000000c0000000, size: 1024 MB, Compressed Oops mode: 32-bit

CDS archive(s) not mapped
Compressed class space mapped at: 0x0000000100000000-0x0000000140000000, reserved size: 1073741824
Narrow klass base: 0x0000000000000000, Narrow klass shift: 3, Narrow klass range: 0x140000000

GC Precious Log:
 CPUs: 12 total, 12 available
 Memory: 16163M
 Large Page Support: Disabled
 NUMA Support: Disabled
 Compressed Oops: Enabled (32-bit)
 Alignments: Space 512K, Generation 512K, Heap 2M
 Heap Min Capacity: 100M
 Heap Initial Capacity: 100M
 Heap Max Capacity: 1G
 Pre-touch: Disabled
 Parallel Workers: 10

Heap:
 PSYoungGen      total 27136K, used 24652K [0x00000000eab00000, 0x00000000ecc80000, 0x0000000100000000)
  eden space 24064K, 89% used [0x00000000eab00000,0x00000000ec019610,0x00000000ec280000)
  from space 3072K, 99% used [0x00000000ec300000,0x00000000ec5f9ca8,0x00000000ec600000)
  to   space 5120K, 0% used [0x00000000ec780000,0x00000000ec780000,0x00000000ecc80000)
 ParOldGen       total 68608K, used 8123K [0x00000000c0000000, 0x00000000c4300000, 0x00000000eab00000)
  object space 68608K, 11% used [0x00000000c0000000,0x00000000c07eec58,0x00000000c4300000)
 Metaspace       used 33798K, committed 34432K, reserved 1114112K
  class space    used 3377K, committed 3648K, reserved 1048576K

Card table byte_map: [0x00000215479f0000,0x0000021547c00000] _byte_map_base: 0x00000215473f0000

Marking Bits: (ParMarkBitMap*) 0x00007ff8e85458b0
 Begin Bits: [0x0000021559cf0000, 0x000002155acf0000)
 End Bits:   [0x000002155acf0000, 0x000002155bcf0000)

Polling page: 0x0000021545e60000

Metaspace:

Usage:
  Non-class:     29.71 MB used.
      Class:      3.30 MB used.
       Both:     33.01 MB used.

Virtual space:
  Non-class space:       64.00 MB reserved,      30.06 MB ( 47%) committed,  1 nodes.
      Class space:        1.00 GB reserved,       3.56 MB ( <1%) committed,  1 nodes.
             Both:        1.06 GB reserved,      33.62 MB (  3%) committed. 

Chunk freelists:
   Non-Class:  1.44 MB
       Class:  12.33 MB
        Both:  13.76 MB

MaxMetaspaceSize: unlimited
CompressedClassSpaceSize: 1.00 GB
Initial GC threshold: 21.00 MB
Current GC threshold: 35.00 MB
CDS: off
MetaspaceReclaimPolicy: balanced
 - commit_granule_bytes: 65536.
 - commit_granule_words: 8192.
 - virtual_space_node_default_size: 8388608.
 - enlarge_chunks_in_place: 1.
 - new_chunks_are_fully_committed: 0.
 - uncommit_free_chunks: 1.
 - use_allocation_guard: 0.
 - handle_deallocations: 1.


Internal statistics:

num_allocs_failed_limit: 3.
num_arena_births: 320.
num_arena_deaths: 14.
num_vsnodes_births: 2.
num_vsnodes_deaths: 0.
num_space_committed: 538.
num_space_uncommitted: 0.
num_chunks_returned_to_freelist: 17.
num_chunks_taken_from_freelist: 1273.
num_chunk_merges: 9.
num_chunk_splits: 828.
num_chunks_enlarged: 568.
num_inconsistent_stats: 0.

CodeHeap 'non-profiled nmethods': size=120000Kb used=1359Kb max_used=1359Kb free=118640Kb
 bounds [0x00000215527c0000, 0x0000021552a30000, 0x0000021559cf0000]
CodeHeap 'profiled nmethods': size=120000Kb used=5613Kb max_used=5613Kb free=114386Kb
 bounds [0x000002154acf0000, 0x000002154b270000, 0x0000021552220000]
CodeHeap 'non-nmethods': size=5760Kb used=1272Kb max_used=1330Kb free=4487Kb
 bounds [0x0000021552220000, 0x0000021552490000, 0x00000215527c0000]
 total_blobs=3503 nmethods=2921 adapters=496
 compilation: enabled
              stopped_count=0, restarted_count=0
 full_count=0

Compilation events (20 events):
Event: 4.403 Thread 0x00000215611af590 2884       4       java.util.ArrayList::<init> (61 bytes)
Event: 4.403 Thread 0x00000215611aff50 2885       3       java.lang.reflect.AccessibleObject::checkCanSetAccessible (9 bytes)
Event: 4.403 Thread 0x00000215611aff50 nmethod 2885 0x000002154b251010 code [0x000002154b2511a0, 0x000002154b2512e8]
Event: 4.403 Thread 0x00000215611aff50 2886       3       java.lang.reflect.AccessibleObject::checkCanSetAccessible (368 bytes)
Event: 4.404 Thread 0x00000215611af590 nmethod 2884 0x000002155290f890 code [0x000002155290fa20, 0x000002155290fc18]
Event: 4.404 Thread 0x00000215611af590 2889       4       java.lang.invoke.MethodType::hashCode (53 bytes)
Event: 4.405 Thread 0x00000215611aff50 nmethod 2886 0x000002154b251390 code [0x000002154b251ac0, 0x000002154b2553e8]
Event: 4.405 Thread 0x00000215611aff50 2888       3       sun.reflect.generics.parser.SignatureParser::parseTypeSignature (130 bytes)
Event: 4.406 Thread 0x00000215611aff50 nmethod 2888 0x000002154b256790 code [0x000002154b256960, 0x000002154b256e08]
Event: 4.406 Thread 0x00000215611aff50 2887       3       java.lang.reflect.AccessibleObject::setAccessible0 (7 bytes)
Event: 4.406 Thread 0x00000215611aff50 nmethod 2887 0x000002154b256f10 code [0x000002154b2570a0, 0x000002154b2571b8]
Event: 4.406 Thread 0x00000215611aff50 2890       3       jdk.internal.org.objectweb.asm.SymbolTable::addConstant (330 bytes)
Event: 4.407 Thread 0x000002156358f030 nmethod 2881 0x000002155290fd10 code [0x000002155290fea0, 0x0000021552910118]
Event: 4.407 Thread 0x000002156358f030 2891       4       java.lang.StringBuilder::append (8 bytes)
Event: 4.407 Thread 0x00000215611af590 nmethod 2889 0x0000021552910410 code [0x00000215529105a0, 0x0000021552910758]
Event: 4.407 Thread 0x00000215611aff50 nmethod 2890 0x000002154b257290 code [0x000002154b257800, 0x000002154b25a858]
Event: 4.407 Thread 0x00000215611aff50 2892       1       java.util.logging.LogManager$LoggerContext::getOwner (5 bytes)
Event: 4.408 Thread 0x00000215611aff50 nmethod 2892 0x0000021552910910 code [0x0000021552910aa0, 0x0000021552910b78]
Event: 4.408 Thread 0x00000215611aff50 2893       3       java.lang.invoke.DirectMethodHandle$Holder::invokeStatic (15 bytes)
Event: 4.408 Thread 0x00000215611aff50 nmethod 2893 0x000002154b25b290 code [0x000002154b25b460, 0x000002154b25b898]

GC Heap History (16 events):
Event: 0.651 GC heap before
{Heap before GC invocations=1 (full 0):
 PSYoungGen      total 29696K, used 25600K [0x00000000eab00000, 0x00000000ecc00000, 0x0000000100000000)
  eden space 25600K, 100% used [0x00000000eab00000,0x00000000ec400000,0x00000000ec400000)
  from space 4096K, 0% used [0x00000000ec800000,0x00000000ec800000,0x00000000ecc00000)
  to   space 4096K, 0% used [0x00000000ec400000,0x00000000ec400000,0x00000000ec800000)
 ParOldGen       total 68608K, used 0K [0x00000000c0000000, 0x00000000c4300000, 0x00000000eab00000)
  object space 68608K, 0% used [0x00000000c0000000,0x00000000c0000000,0x00000000c4300000)
 Metaspace       used 10913K, committed 11136K, reserved 1114112K
  class space    used 1083K, committed 1216K, reserved 1048576K
}
Event: 0.656 GC heap after
{Heap after GC invocations=1 (full 0):
 PSYoungGen      total 29696K, used 3117K [0x00000000eab00000, 0x00000000ecc00000, 0x0000000100000000)
  eden space 25600K, 0% used [0x00000000eab00000,0x00000000eab00000,0x00000000ec400000)
  from space 4096K, 76% used [0x00000000ec400000,0x00000000ec70b7b8,0x00000000ec800000)
  to   space 4096K, 0% used [0x00000000ec800000,0x00000000ec800000,0x00000000ecc00000)
 ParOldGen       total 68608K, used 16K [0x00000000c0000000, 0x00000000c4300000, 0x00000000eab00000)
  object space 68608K, 0% used [0x00000000c0000000,0x00000000c0004000,0x00000000c4300000)
 Metaspace       used 10913K, committed 11136K, reserved 1114112K
  class space    used 1083K, committed 1216K, reserved 1048576K
}
Event: 3.201 GC heap before
{Heap before GC invocations=2 (full 0):
 PSYoungGen      total 29696K, used 28717K [0x00000000eab00000, 0x00000000ecc00000, 0x0000000100000000)
  eden space 25600K, 100% used [0x00000000eab00000,0x00000000ec400000,0x00000000ec400000)
  from space 4096K, 76% used [0x00000000ec400000,0x00000000ec70b7b8,0x00000000ec800000)
  to   space 4096K, 0% used [0x00000000ec800000,0x00000000ec800000,0x00000000ecc00000)
 ParOldGen       total 68608K, used 16K [0x00000000c0000000, 0x00000000c4300000, 0x00000000eab00000)
  object space 68608K, 0% used [0x00000000c0000000,0x00000000c0004000,0x00000000c4300000)
 Metaspace       used 14655K, committed 14848K, reserved 1114112K
  class space    used 1484K, committed 1600K, reserved 1048576K
}
Event: 3.205 GC heap after
{Heap after GC invocations=2 (full 0):
 PSYoungGen      total 29696K, used 4067K [0x00000000eab00000, 0x00000000ecc00000, 0x0000000100000000)
  eden space 25600K, 0% used [0x00000000eab00000,0x00000000eab00000,0x00000000ec400000)
  from space 4096K, 99% used [0x00000000ec800000,0x00000000ecbf8ff0,0x00000000ecc00000)
  to   space 4096K, 0% used [0x00000000ec400000,0x00000000ec400000,0x00000000ec800000)
 ParOldGen       total 68608K, used 824K [0x00000000c0000000, 0x00000000c4300000, 0x00000000eab00000)
  object space 68608K, 1% used [0x00000000c0000000,0x00000000c00ce350,0x00000000c4300000)
 Metaspace       used 14655K, committed 14848K, reserved 1114112K
  class space    used 1484K, committed 1600K, reserved 1048576K
}
Event: 3.511 GC heap before
{Heap before GC invocations=3 (full 0):
 PSYoungGen      total 29696K, used 29661K [0x00000000eab00000, 0x00000000ecc00000, 0x0000000100000000)
  eden space 25600K, 99% used [0x00000000eab00000,0x00000000ec3fe6f8,0x00000000ec400000)
  from space 4096K, 99% used [0x00000000ec800000,0x00000000ecbf8ff0,0x00000000ecc00000)
  to   space 4096K, 0% used [0x00000000ec400000,0x00000000ec400000,0x00000000ec800000)
 ParOldGen       total 68608K, used 824K [0x00000000c0000000, 0x00000000c4300000, 0x00000000eab00000)
  object space 68608K, 1% used [0x00000000c0000000,0x00000000c00ce350,0x00000000c4300000)
 Metaspace       used 19564K, committed 20032K, reserved 1114112K
  class space    used 2011K, committed 2240K, reserved 1048576K
}
Event: 3.514 GC heap after
{Heap after GC invocations=3 (full 0):
 PSYoungGen      total 29696K, used 4094K [0x00000000eab00000, 0x00000000ecc00000, 0x0000000100000000)
  eden space 25600K, 0% used [0x00000000eab00000,0x00000000eab00000,0x00000000ec400000)
  from space 4096K, 99% used [0x00000000ec400000,0x00000000ec7ffaa0,0x00000000ec800000)
  to   space 4096K, 0% used [0x00000000ec800000,0x00000000ec800000,0x00000000ecc00000)
 ParOldGen       total 68608K, used 2461K [0x00000000c0000000, 0x00000000c4300000, 0x00000000eab00000)
  object space 68608K, 3% used [0x00000000c0000000,0x00000000c0267680,0x00000000c4300000)
 Metaspace       used 19564K, committed 20032K, reserved 1114112K
  class space    used 2011K, committed 2240K, reserved 1048576K
}
Event: 3.593 GC heap before
{Heap before GC invocations=4 (full 0):
 PSYoungGen      total 29696K, used 13005K [0x00000000eab00000, 0x00000000ecc00000, 0x0000000100000000)
  eden space 25600K, 34% used [0x00000000eab00000,0x00000000eb3b3a48,0x00000000ec400000)
  from space 4096K, 99% used [0x00000000ec400000,0x00000000ec7ffaa0,0x00000000ec800000)
  to   space 4096K, 0% used [0x00000000ec800000,0x00000000ec800000,0x00000000ecc00000)
 ParOldGen       total 68608K, used 2461K [0x00000000c0000000, 0x00000000c4300000, 0x00000000eab00000)
  object space 68608K, 3% used [0x00000000c0000000,0x00000000c0267680,0x00000000c4300000)
 Metaspace       used 21122K, committed 21504K, reserved 1114112K
  class space    used 2170K, committed 2304K, reserved 1048576K
}
Event: 3.595 GC heap after
{Heap after GC invocations=4 (full 0):
 PSYoungGen      total 29696K, used 4080K [0x00000000eab00000, 0x00000000ecc00000, 0x0000000100000000)
  eden space 25600K, 0% used [0x00000000eab00000,0x00000000eab00000,0x00000000ec400000)
  from space 4096K, 99% used [0x00000000ec800000,0x00000000ecbfc278,0x00000000ecc00000)
  to   space 4096K, 0% used [0x00000000ec400000,0x00000000ec400000,0x00000000ec800000)
 ParOldGen       total 68608K, used 2990K [0x00000000c0000000, 0x00000000c4300000, 0x00000000eab00000)
  object space 68608K, 4% used [0x00000000c0000000,0x00000000c02eb8c0,0x00000000c4300000)
 Metaspace       used 21122K, committed 21504K, reserved 1114112K
  class space    used 2170K, committed 2304K, reserved 1048576K
}
Event: 3.595 GC heap before
{Heap before GC invocations=5 (full 1):
 PSYoungGen      total 29696K, used 4080K [0x00000000eab00000, 0x00000000ecc00000, 0x0000000100000000)
  eden space 25600K, 0% used [0x00000000eab00000,0x00000000eab00000,0x00000000ec400000)
  from space 4096K, 99% used [0x00000000ec800000,0x00000000ecbfc278,0x00000000ecc00000)
  to   space 4096K, 0% used [0x00000000ec400000,0x00000000ec400000,0x00000000ec800000)
 ParOldGen       total 68608K, used 2990K [0x00000000c0000000, 0x00000000c4300000, 0x00000000eab00000)
  object space 68608K, 4% used [0x00000000c0000000,0x00000000c02eb8c0,0x00000000c4300000)
 Metaspace       used 21122K, committed 21504K, reserved 1114112K
  class space    used 2170K, committed 2304K, reserved 1048576K
}
Event: 3.606 GC heap after
{Heap after GC invocations=5 (full 1):
 PSYoungGen      total 29696K, used 0K [0x00000000eab00000, 0x00000000ecc00000, 0x0000000100000000)
  eden space 25600K, 0% used [0x00000000eab00000,0x00000000eab00000,0x00000000ec400000)
  from space 4096K, 0% used [0x00000000ec800000,0x00000000ec800000,0x00000000ecc00000)
  to   space 4096K, 0% used [0x00000000ec400000,0x00000000ec400000,0x00000000ec800000)
 ParOldGen       total 68608K, used 6918K [0x00000000c0000000, 0x00000000c4300000, 0x00000000eab00000)
  object space 68608K, 10% used [0x00000000c0000000,0x00000000c06c1928,0x00000000c4300000)
 Metaspace       used 21109K, committed 21504K, reserved 1114112K
  class space    used 2166K, committed 2304K, reserved 1048576K
}
Event: 3.734 GC heap before
{Heap before GC invocations=6 (full 1):
 PSYoungGen      total 29696K, used 25600K [0x00000000eab00000, 0x00000000ecc00000, 0x0000000100000000)
  eden space 25600K, 100% used [0x00000000eab00000,0x00000000ec400000,0x00000000ec400000)
  from space 4096K, 0% used [0x00000000ec800000,0x00000000ec800000,0x00000000ecc00000)
  to   space 4096K, 0% used [0x00000000ec400000,0x00000000ec400000,0x00000000ec800000)
 ParOldGen       total 68608K, used 6918K [0x00000000c0000000, 0x00000000c4300000, 0x00000000eab00000)
  object space 68608K, 10% used [0x00000000c0000000,0x00000000c06c1928,0x00000000c4300000)
 Metaspace       used 24122K, committed 24640K, reserved 1114112K
  class space    used 2367K, committed 2560K, reserved 1048576K
}
Event: 3.735 GC heap after
{Heap after GC invocations=6 (full 1):
 PSYoungGen      total 26112K, used 645K [0x00000000eab00000, 0x00000000ec880000, 0x0000000100000000)
  eden space 25088K, 0% used [0x00000000eab00000,0x00000000eab00000,0x00000000ec380000)
  from space 1024K, 63% used [0x00000000ec400000,0x00000000ec4a14f8,0x00000000ec500000)
  to   space 2560K, 0% used [0x00000000ec600000,0x00000000ec600000,0x00000000ec880000)
 ParOldGen       total 68608K, used 6926K [0x00000000c0000000, 0x00000000c4300000, 0x00000000eab00000)
  object space 68608K, 10% used [0x00000000c0000000,0x00000000c06c3928,0x00000000c4300000)
 Metaspace       used 24122K, committed 24640K, reserved 1114112K
  class space    used 2367K, committed 2560K, reserved 1048576K
}
Event: 3.830 GC heap before
{Heap before GC invocations=7 (full 1):
 PSYoungGen      total 26112K, used 25733K [0x00000000eab00000, 0x00000000ec880000, 0x0000000100000000)
  eden space 25088K, 100% used [0x00000000eab00000,0x00000000ec380000,0x00000000ec380000)
  from space 1024K, 63% used [0x00000000ec400000,0x00000000ec4a14f8,0x00000000ec500000)
  to   space 2560K, 0% used [0x00000000ec600000,0x00000000ec600000,0x00000000ec880000)
 ParOldGen       total 68608K, used 6926K [0x00000000c0000000, 0x00000000c4300000, 0x00000000eab00000)
  object space 68608K, 10% used [0x00000000c0000000,0x00000000c06c3928,0x00000000c4300000)
 Metaspace       used 26597K, committed 27072K, reserved 1114112K
  class space    used 2568K, committed 2752K, reserved 1048576K
}
Event: 3.831 GC heap after
{Heap after GC invocations=7 (full 1):
 PSYoungGen      total 27136K, used 2380K [0x00000000eab00000, 0x00000000ec900000, 0x0000000100000000)
  eden space 24576K, 0% used [0x00000000eab00000,0x00000000eab00000,0x00000000ec300000)
  from space 2560K, 93% used [0x00000000ec600000,0x00000000ec8533f0,0x00000000ec880000)
  to   space 3072K, 0% used [0x00000000ec300000,0x00000000ec300000,0x00000000ec600000)
 ParOldGen       total 68608K, used 6934K [0x00000000c0000000, 0x00000000c4300000, 0x00000000eab00000)
  object space 68608K, 10% used [0x00000000c0000000,0x00000000c06c5928,0x00000000c4300000)
 Metaspace       used 26597K, committed 27072K, reserved 1114112K
  class space    used 2568K, committed 2752K, reserved 1048576K
}
Event: 4.185 GC heap before
{Heap before GC invocations=8 (full 1):
 PSYoungGen      total 27136K, used 26956K [0x00000000eab00000, 0x00000000ec900000, 0x0000000100000000)
  eden space 24576K, 100% used [0x00000000eab00000,0x00000000ec300000,0x00000000ec300000)
  from space 2560K, 93% used [0x00000000ec600000,0x00000000ec8533f0,0x00000000ec880000)
  to   space 3072K, 0% used [0x00000000ec300000,0x00000000ec300000,0x00000000ec600000)
 ParOldGen       total 68608K, used 6934K [0x00000000c0000000, 0x00000000c4300000, 0x00000000eab00000)
  object space 68608K, 10% used [0x00000000c0000000,0x00000000c06c5928,0x00000000c4300000)
 Metaspace       used 30602K, committed 31168K, reserved 1114112K
  class space    used 2976K, committed 3200K, reserved 1048576K
}
Event: 4.186 GC heap after
{Heap after GC invocations=8 (full 1):
 PSYoungGen      total 27136K, used 3047K [0x00000000eab00000, 0x00000000ecc80000, 0x0000000100000000)
  eden space 24064K, 0% used [0x00000000eab00000,0x00000000eab00000,0x00000000ec280000)
  from space 3072K, 99% used [0x00000000ec300000,0x00000000ec5f9ca8,0x00000000ec600000)
  to   space 5120K, 0% used [0x00000000ec780000,0x00000000ec780000,0x00000000ecc80000)
 ParOldGen       total 68608K, used 8123K [0x00000000c0000000, 0x00000000c4300000, 0x00000000eab00000)
  object space 68608K, 11% used [0x00000000c0000000,0x00000000c07eec58,0x00000000c4300000)
 Metaspace       used 30602K, committed 31168K, reserved 1114112K
  class space    used 2976K, committed 3200K, reserved 1048576K
}

Dll operation events (12 events):
Event: 0.027 Loaded shared library c:\Users\ADMIN\.vscode\extensions\redhat.java-1.35.1-win32-x64\jre\17.0.12-win32-x86_64\bin\java.dll
Event: 0.181 Loaded shared library c:\Users\ADMIN\.vscode\extensions\redhat.java-1.35.1-win32-x64\jre\17.0.12-win32-x86_64\bin\zip.dll
Event: 0.184 Loaded shared library C:\Users\ADMIN\.vscode\extensions\redhat.java-1.35.1-win32-x64\jre\17.0.12-win32-x86_64\bin\instrument.dll
Event: 0.196 Loaded shared library C:\Users\ADMIN\.vscode\extensions\redhat.java-1.35.1-win32-x64\jre\17.0.12-win32-x86_64\bin\net.dll
Event: 0.198 Loaded shared library C:\Users\ADMIN\.vscode\extensions\redhat.java-1.35.1-win32-x64\jre\17.0.12-win32-x86_64\bin\nio.dll
Event: 0.203 Loaded shared library C:\Users\ADMIN\.vscode\extensions\redhat.java-1.35.1-win32-x64\jre\17.0.12-win32-x86_64\bin\zip.dll
Event: 0.217 Loaded shared library C:\Users\ADMIN\.vscode\extensions\redhat.java-1.35.1-win32-x64\jre\17.0.12-win32-x86_64\bin\jimage.dll
Event: 0.268 Loaded shared library c:\Users\ADMIN\.vscode\extensions\redhat.java-1.35.1-win32-x64\jre\17.0.12-win32-x86_64\bin\verify.dll
Event: 3.145 Loaded shared library C:\Users\ADMIN\AppData\Roaming\Code\User\globalStorage\redhat.java\1.35.1\config_ss_win\org.eclipse.equinox.launcher\org.eclipse.equinox.launcher.win32.win32.x86_64_1.2.1100.v20240722-2106\eclipse_11904.dll
Event: 3.501 Loaded shared library C:\Users\ADMIN\.vscode\extensions\redhat.java-1.35.1-win32-x64\jre\17.0.12-win32-x86_64\bin\management.dll
Event: 3.504 Loaded shared library C:\Users\ADMIN\.vscode\extensions\redhat.java-1.35.1-win32-x64\jre\17.0.12-win32-x86_64\bin\management_ext.dll
Event: 4.249 Loaded shared library C:\Users\ADMIN\AppData\Local\Temp\jna-62130991\jna12734036676857582320.dll

Deoptimization events (20 events):
Event: 4.089 Thread 0x00000215632fa890 Uncommon trap: trap_request=0xffffff76 fr.pc=0x000002155288f2c0 relative=0x0000000000000e40
Event: 4.089 Thread 0x00000215632fa890 Uncommon trap: reason=predicate action=maybe_recompile pc=0x000002155288f2c0 method=java.util.Properties$LineReader.readLine()I @ 53 c2
Event: 4.089 Thread 0x00000215632fa890 DEOPT PACKING pc=0x000002155288f2c0 sp=0x0000006e1a1fcf80
Event: 4.089 Thread 0x00000215632fa890 DEOPT UNPACKING pc=0x0000021552279ea3 sp=0x0000006e1a1fcf38 mode 2
Event: 4.206 Thread 0x00000215632fa890 Uncommon trap: trap_request=0xffffff45 fr.pc=0x00000215527f41b4 relative=0x0000000000000654
Event: 4.206 Thread 0x00000215632fa890 Uncommon trap: reason=unstable_if action=reinterpret pc=0x00000215527f41b4 method=java.lang.String.replace(Ljava/lang/CharSequence;Ljava/lang/CharSequence;)Ljava/lang/String; @ 42 c2
Event: 4.206 Thread 0x00000215632fa890 DEOPT PACKING pc=0x00000215527f41b4 sp=0x0000006e1a1fb6b0
Event: 4.206 Thread 0x00000215632fa890 DEOPT UNPACKING pc=0x0000021552279ea3 sp=0x0000006e1a1fb630 mode 2
Event: 4.261 Thread 0x00000215632fa890 Uncommon trap: trap_request=0xffffff45 fr.pc=0x00000215528887f4 relative=0x0000000000000c94
Event: 4.261 Thread 0x00000215632fa890 Uncommon trap: reason=unstable_if action=reinterpret pc=0x00000215528887f4 method=jdk.internal.org.objectweb.asm.SymbolTable.put(Ljdk/internal/org/objectweb/asm/SymbolTable$Entry;)Ljdk/internal/org/objectweb/asm/SymbolTable$Entry; @ 13 c2
Event: 4.261 Thread 0x00000215632fa890 DEOPT PACKING pc=0x00000215528887f4 sp=0x0000006e1a1fbbf0
Event: 4.261 Thread 0x00000215632fa890 DEOPT UNPACKING pc=0x0000021552279ea3 sp=0x0000006e1a1fbb38 mode 2
Event: 4.268 Thread 0x00000215632fa890 Uncommon trap: trap_request=0xffffff76 fr.pc=0x00000215528f6a84 relative=0x0000000000000644
Event: 4.268 Thread 0x00000215632fa890 Uncommon trap: reason=predicate action=maybe_recompile pc=0x00000215528f6a84 method=java.util.TreeMap.getEntryUsingComparator(Ljava/lang/Object;)Ljava/util/TreeMap$Entry; @ 19 c2
Event: 4.268 Thread 0x00000215632fa890 DEOPT PACKING pc=0x00000215528f6a84 sp=0x0000006e1a1fc630
Event: 4.268 Thread 0x00000215632fa890 DEOPT UNPACKING pc=0x0000021552279ea3 sp=0x0000006e1a1fc550 mode 2
Event: 4.288 Thread 0x000002154805f770 Uncommon trap: trap_request=0xffffff76 fr.pc=0x00000215528f1584 relative=0x0000000000000644
Event: 4.288 Thread 0x000002154805f770 Uncommon trap: reason=predicate action=maybe_recompile pc=0x00000215528f1584 method=java.util.TreeMap.getEntryUsingComparator(Ljava/lang/Object;)Ljava/util/TreeMap$Entry; @ 19 c2
Event: 4.288 Thread 0x000002154805f770 DEOPT PACKING pc=0x00000215528f1584 sp=0x0000006e191fe060
Event: 4.288 Thread 0x000002154805f770 DEOPT UNPACKING pc=0x0000021552279ea3 sp=0x0000006e191fe010 mode 2

Classes loaded (20 events):
Event: 4.332 Loading class jdk/internal/vm/annotation/IntrinsicCandidate
Event: 4.332 Loading class jdk/internal/vm/annotation/IntrinsicCandidate done
Event: 4.348 Loading class sun/reflect/generics/tree/BottomSignature
Event: 4.348 Loading class sun/reflect/generics/tree/BottomSignature done
Event: 4.348 Loading class sun/reflect/generics/tree/Wildcard
Event: 4.348 Loading class sun/reflect/generics/tree/Wildcard done
Event: 4.349 Loading class sun/reflect/generics/reflectiveObjects/WildcardTypeImpl
Event: 4.349 Loading class java/lang/reflect/WildcardType
Event: 4.349 Loading class java/lang/reflect/WildcardType done
Event: 4.349 Loading class sun/reflect/generics/reflectiveObjects/WildcardTypeImpl done
Event: 4.381 Loading class java/math/BigDecimal
Event: 4.382 Loading class java/math/BigDecimal done
Event: 4.387 Loading class java/text/ParseException
Event: 4.387 Loading class java/text/ParseException done
Event: 4.392 Loading class java/util/concurrent/atomic/AtomicIntegerArray
Event: 4.393 Loading class java/util/concurrent/atomic/AtomicIntegerArray done
Event: 4.394 Loading class java/util/Currency
Event: 4.394 Loading class java/util/Currency done
Event: 4.396 Loading class java/util/concurrent/atomic/AtomicLongArray
Event: 4.396 Loading class java/util/concurrent/atomic/AtomicLongArray done

Classes unloaded (7 events):
Event: 3.597 Thread 0x000002154810ea80 Unloading class 0x000000010021bc00 'java/lang/invoke/LambdaForm$MH+0x000000010021bc00'
Event: 3.597 Thread 0x000002154810ea80 Unloading class 0x000000010021b800 'java/lang/invoke/LambdaForm$MH+0x000000010021b800'
Event: 3.597 Thread 0x000002154810ea80 Unloading class 0x000000010021b400 'java/lang/invoke/LambdaForm$MH+0x000000010021b400'
Event: 3.597 Thread 0x000002154810ea80 Unloading class 0x000000010021b000 'java/lang/invoke/LambdaForm$MH+0x000000010021b000'
Event: 3.597 Thread 0x000002154810ea80 Unloading class 0x000000010021ac00 'java/lang/invoke/LambdaForm$BMH+0x000000010021ac00'
Event: 3.597 Thread 0x000002154810ea80 Unloading class 0x000000010021a800 'java/lang/invoke/LambdaForm$DMH+0x000000010021a800'
Event: 3.597 Thread 0x000002154810ea80 Unloading class 0x0000000100211400 'java/lang/invoke/LambdaForm$DMH+0x0000000100211400'

Classes redefined (0 events):
No events

Internal exceptions (20 events):
Event: 3.957 Thread 0x00000215632fa890 Exception <a 'sun/nio/fs/WindowsException'{0x00000000eb6ce8a0}> (0x00000000eb6ce8a0) 
thrown [s\src\hotspot\share\prims\jni.cpp, line 516]
Event: 3.957 Thread 0x00000215632fa890 Exception <a 'sun/nio/fs/WindowsException'{0x00000000eb6cee68}> (0x00000000eb6cee68) 
thrown [s\src\hotspot\share\prims\jni.cpp, line 516]
Event: 3.969 Thread 0x00000215632fa890 Exception <a 'java/lang/NoSuchMethodError'{0x00000000eb7b1268}: 'java.lang.Object java.lang.invoke.DirectMethodHandle$Holder.invokeStaticInit(java.lang.Object, int, int, int, int)'> (0x00000000eb7b1268) 
thrown [s\src\hotspot\share\interpreter\linkResolver.cpp, line 759]
Event: 4.049 Thread 0x00000215632fa890 Exception <a 'java/lang/NoSuchMethodError'{0x00000000eb8e53d0}: 'java.lang.Object java.lang.invoke.DirectMethodHandle$Holder.invokeStaticInit(java.lang.Object, java.lang.Object, int, int, int, int)'> (0x00000000eb8e53d0) 
thrown [s\src\hotspot\share\interpreter\linkResolver.cpp, line 759]
Event: 4.080 Thread 0x00000215632fa890 Exception <a 'sun/nio/fs/WindowsException'{0x00000000ebba7eb0}> (0x00000000ebba7eb0) 
thrown [s\src\hotspot\share\prims\jni.cpp, line 516]
Event: 4.081 Thread 0x00000215632fa890 Exception <a 'sun/nio/fs/WindowsException'{0x00000000ebbb1c50}> (0x00000000ebbb1c50) 
thrown [s\src\hotspot\share\prims\jni.cpp, line 516]
Event: 4.081 Thread 0x00000215632fa890 Exception <a 'sun/nio/fs/WindowsException'{0x00000000ebbb21f0}> (0x00000000ebbb21f0) 
thrown [s\src\hotspot\share\prims\jni.cpp, line 516]
Event: 4.089 Thread 0x00000215632fa890 Implicit null exception at 0x000002155288e580 to 0x000002155288f278
Event: 4.119 Thread 0x00000215632fa890 Exception <a 'java/lang/ClassNotFoundException'{0x00000000ebeb3c80}: com/sun/org/apache/xml/internal/serializer/spi/XMLEntitiesProvider> (0x00000000ebeb3c80) 
thrown [s\src\hotspot\share\classfile\systemDictionary.cpp, line 256]
Event: 4.175 Thread 0x00000215632fa890 Exception <a 'java/io/FileNotFoundException'{0x00000000ec2681f8}> (0x00000000ec2681f8) 
thrown [s\src\hotspot\share\prims\jni.cpp, line 516]
Event: 4.264 Thread 0x00000215632fa890 Exception <a 'java/lang/UnsatisfiedLinkError'{0x00000000eae04830}: The specified procedure could not be found.
> (0x00000000eae04830) 
thrown [s\src\hotspot\share\prims\jni.cpp, line 535]
Event: 4.266 Thread 0x00000215632fa890 Exception <a 'java/io/FileNotFoundException'{0x00000000eae2bf58}> (0x00000000eae2bf58) 
thrown [s\src\hotspot\share\prims\jni.cpp, line 516]
Event: 4.272 Thread 0x00000215632fa890 Exception <a 'java/io/FileNotFoundException'{0x00000000eaea84a0}> (0x00000000eaea84a0) 
thrown [s\src\hotspot\share\prims\jni.cpp, line 516]
Event: 4.278 Thread 0x00000215632fa890 Exception <a 'java/lang/UnsatisfiedLinkError'{0x00000000eaf3e9b0}: The specified procedure could not be found.
> (0x00000000eaf3e9b0) 
thrown [s\src\hotspot\share\prims\jni.cpp, line 535]
Event: 4.296 Thread 0x000002154805f770 Exception <a 'java/lang/NoSuchMethodError'{0x00000000eb15ee78}: 'java.lang.Object java.lang.invoke.DirectMethodHandle$Holder.invokeStatic(java.lang.Object, java.lang.Object, long, java.lang.Object)'> (0x00000000eb15ee78) 
thrown [s\src\hotspot\share\interpreter\linkResolver.cpp, line 759]
Event: 4.297 Thread 0x000002154805f770 Exception <a 'java/lang/NoSuchMethodError'{0x00000000eb162910}: 'java.lang.Object java.lang.invoke.DirectMethodHandle$Holder.invokeStaticInit(java.lang.Object, java.lang.Object, long, java.lang.Object)'> (0x00000000eb162910) 
thrown [s\src\hotspot\share\interpreter\linkResolver.cpp, line 759]
Event: 4.297 Thread 0x000002154805f770 Exception <a 'java/lang/NoSuchMethodError'{0x00000000eb169170}: 'java.lang.Object java.lang.invoke.DirectMethodHandle$Holder.newInvokeSpecial(java.lang.Object, java.lang.Object, long)'> (0x00000000eb169170) 
thrown [s\src\hotspot\share\interpreter\linkResolver.cpp, line 759]
Event: 4.331 Thread 0x000002154805f770 Exception <a 'java/lang/NoSuchMethodError'{0x00000000eb4d2860}: 'void java.lang.invoke.DirectMethodHandle$Holder.invokeStatic(java.lang.Object, java.lang.Object, java.lang.Object, java.lang.Object)'> (0x00000000eb4d2860) 
thrown [s\src\hotspot\share\interpreter\linkResolver.cpp, line 759]
Event: 4.403 Thread 0x000002154805f770 Exception <a 'java/lang/NoSuchMethodError'{0x00000000ebddd880}: 'void java.lang.invoke.DirectMethodHandle$Holder.invokeSpecial(java.lang.Object, java.lang.Object, java.lang.Object, java.lang.Object, java.lang.Object, java.lang.Object)'> (0x00000000ebddd880) 
thrown [s\src\hotspot\share\interpreter\linkResolver.cpp, line 759]
Event: 4.405 Thread 0x000002154805f770 Exception <a 'java/lang/IncompatibleClassChangeError'{0x00000000ebde7250}: Found class java.lang.Object, but interface was expected> (0x00000000ebde7250) 
thrown [s\src\hotspot\share\interpreter\linkResolver.cpp, line 826]

VM Operations (20 events):
Event: 3.883 Executing VM operation: HandshakeAllThreads
Event: 3.883 Executing VM operation: HandshakeAllThreads done
Event: 3.903 Executing VM operation: HandshakeAllThreads
Event: 3.903 Executing VM operation: HandshakeAllThreads done
Event: 3.935 Executing VM operation: HandshakeAllThreads
Event: 3.935 Executing VM operation: HandshakeAllThreads done
Event: 3.937 Executing VM operation: HandshakeAllThreads
Event: 3.937 Executing VM operation: HandshakeAllThreads done
Event: 3.940 Executing VM operation: HandshakeAllThreads
Event: 3.940 Executing VM operation: HandshakeAllThreads done
Event: 4.055 Executing VM operation: HandshakeAllThreads
Event: 4.055 Executing VM operation: HandshakeAllThreads done
Event: 4.055 Executing VM operation: HandshakeAllThreads
Event: 4.055 Executing VM operation: HandshakeAllThreads done
Event: 4.163 Executing VM operation: HandshakeAllThreads
Event: 4.163 Executing VM operation: HandshakeAllThreads done
Event: 4.185 Executing VM operation: ParallelGCFailedAllocation
Event: 4.186 Executing VM operation: ParallelGCFailedAllocation done
Event: 4.257 Executing VM operation: HandshakeAllThreads
Event: 4.257 Executing VM operation: HandshakeAllThreads done

Events (20 events):
Event: 3.569 Thread 0x0000021563314210 Thread added: 0x0000021563314210
Event: 3.669 Thread 0x00000215634994a0 Thread added: 0x00000215634994a0
Event: 3.674 Thread 0x000002156358f030 Thread added: 0x000002156358f030
Event: 3.890 Thread 0x0000021563314720 Thread added: 0x0000021563314720
Event: 3.959 Thread 0x0000021563314720 Thread exited: 0x0000021563314720
Event: 4.260 Thread 0x0000021563314720 Thread added: 0x0000021563314720
Event: 4.301 Thread 0x0000021563312dd0 Thread added: 0x0000021563312dd0
Event: 4.301 Thread 0x0000021563314c30 Thread added: 0x0000021563314c30
Event: 4.301 Thread 0x0000021563315140 Thread added: 0x0000021563315140
Event: 4.301 Thread 0x0000021563315650 Thread added: 0x0000021563315650
Event: 4.301 Thread 0x00000215633128c0 Thread added: 0x00000215633128c0
Event: 4.301 Thread 0x0000021563315b60 Thread added: 0x0000021563315b60
Event: 4.301 Thread 0x00000215633132e0 Thread added: 0x00000215633132e0
Event: 4.301 Thread 0x0000021563313d00 Thread added: 0x0000021563313d00
Event: 4.301 Thread 0x0000021564511c10 Thread added: 0x0000021564511c10
Event: 4.302 Thread 0x000002156450cb10 Thread added: 0x000002156450cb10
Event: 4.302 Thread 0x00000215645102c0 Thread added: 0x00000215645102c0
Event: 4.302 Thread 0x0000021564512630 Thread added: 0x0000021564512630
Event: 4.302 Thread 0x0000021564512120 Thread added: 0x0000021564512120
Event: 4.314 Thread 0x00000215645111f0 Thread added: 0x00000215645111f0


Dynamic libraries:
0x00007ff7c25f0000 - 0x00007ff7c25fe000 	c:\Users\ADMIN\.vscode\extensions\redhat.java-1.35.1-win32-x64\jre\17.0.12-win32-x86_64\bin\java.exe
0x00007ff98e4b0000 - 0x00007ff98e6c7000 	C:\WINDOWS\SYSTEM32\ntdll.dll
0x00007ff98da30000 - 0x00007ff98daf4000 	C:\WINDOWS\System32\KERNEL32.DLL
0x00007ff98bc40000 - 0x00007ff98bff7000 	C:\WINDOWS\System32\KERNELBASE.dll
0x00007ff98c0c0000 - 0x00007ff98c1d1000 	C:\WINDOWS\System32\ucrtbase.dll
0x00007ff986940000 - 0x00007ff98695b000 	c:\Users\ADMIN\.vscode\extensions\redhat.java-1.35.1-win32-x64\jre\17.0.12-win32-x86_64\bin\VCRUNTIME140.dll
0x00007ff97a930000 - 0x00007ff97a947000 	c:\Users\ADMIN\.vscode\extensions\redhat.java-1.35.1-win32-x64\jre\17.0.12-win32-x86_64\bin\jli.dll
0x00007ff98dd50000 - 0x00007ff98deff000 	C:\WINDOWS\System32\USER32.dll
0x00007ff98b8b0000 - 0x00007ff98b8d6000 	C:\WINDOWS\System32\win32u.dll
0x00007ff975910000 - 0x00007ff975ba3000 	C:\WINDOWS\WinSxS\amd64_microsoft.windows.common-controls_6595b64144ccf1df_6.0.22621.3672_none_2713b9d173822955\COMCTL32.dll
0x00007ff98cca0000 - 0x00007ff98ccc9000 	C:\WINDOWS\System32\GDI32.dll
0x00007ff98db00000 - 0x00007ff98dba7000 	C:\WINDOWS\System32\msvcrt.dll
0x00007ff98b9b0000 - 0x00007ff98bac8000 	C:\WINDOWS\System32\gdi32full.dll
0x00007ff98b8e0000 - 0x00007ff98b97a000 	C:\WINDOWS\System32\msvcp_win.dll
0x00007ff98d9f0000 - 0x00007ff98da21000 	C:\WINDOWS\System32\IMM32.DLL
0x00007ff9886a0000 - 0x00007ff9886ac000 	c:\Users\ADMIN\.vscode\extensions\redhat.java-1.35.1-win32-x64\jre\17.0.12-win32-x86_64\bin\vcruntime140_1.dll
0x00007ff955ee0000 - 0x00007ff955f6d000 	c:\Users\ADMIN\.vscode\extensions\redhat.java-1.35.1-win32-x64\jre\17.0.12-win32-x86_64\bin\msvcp140.dll
0x00007ff8e79a0000 - 0x00007ff8e860a000 	c:\Users\ADMIN\.vscode\extensions\redhat.java-1.35.1-win32-x64\jre\17.0.12-win32-x86_64\bin\server\jvm.dll
0x00007ff98d810000 - 0x00007ff98d8c2000 	C:\WINDOWS\System32\ADVAPI32.dll
0x00007ff98c2c0000 - 0x00007ff98c368000 	C:\WINDOWS\System32\sechost.dll
0x00007ff98b980000 - 0x00007ff98b9a8000 	C:\WINDOWS\System32\bcrypt.dll
0x00007ff98d8d0000 - 0x00007ff98d9e4000 	C:\WINDOWS\System32\RPCRT4.dll
0x00007ff98c1e0000 - 0x00007ff98c251000 	C:\WINDOWS\System32\WS2_32.dll
0x00007ff98a630000 - 0x00007ff98a67d000 	C:\WINDOWS\SYSTEM32\POWRPROF.dll
0x00007ff9870e0000 - 0x00007ff987114000 	C:\WINDOWS\SYSTEM32\WINMM.dll
0x00007ff983d20000 - 0x00007ff983d2a000 	C:\WINDOWS\SYSTEM32\VERSION.dll
0x00007ff98a610000 - 0x00007ff98a623000 	C:\WINDOWS\SYSTEM32\UMPDC.dll
0x00007ff98a8c0000 - 0x00007ff98a8d8000 	C:\WINDOWS\SYSTEM32\kernel.appcore.dll
0x00007ff9873b0000 - 0x00007ff9873ba000 	c:\Users\ADMIN\.vscode\extensions\redhat.java-1.35.1-win32-x64\jre\17.0.12-win32-x86_64\bin\jimage.dll
0x00007ff97f2a0000 - 0x00007ff97f4d2000 	C:\WINDOWS\SYSTEM32\DBGHELP.DLL
0x00007ff98e0d0000 - 0x00007ff98e45e000 	C:\WINDOWS\System32\combase.dll
0x00007ff98df00000 - 0x00007ff98dfd7000 	C:\WINDOWS\System32\OLEAUT32.dll
0x00007ff971480000 - 0x00007ff9714b2000 	C:\WINDOWS\SYSTEM32\dbgcore.DLL
0x00007ff98b830000 - 0x00007ff98b8ab000 	C:\WINDOWS\System32\bcryptPrimitives.dll
0x00007ff985130000 - 0x00007ff98513e000 	c:\Users\ADMIN\.vscode\extensions\redhat.java-1.35.1-win32-x64\jre\17.0.12-win32-x86_64\bin\instrument.dll
0x00007ff964040000 - 0x00007ff964065000 	c:\Users\ADMIN\.vscode\extensions\redhat.java-1.35.1-win32-x64\jre\17.0.12-win32-x86_64\bin\java.dll
0x00007ff978950000 - 0x00007ff978968000 	c:\Users\ADMIN\.vscode\extensions\redhat.java-1.35.1-win32-x64\jre\17.0.12-win32-x86_64\bin\zip.dll
0x00007ff98ccd0000 - 0x00007ff98d539000 	C:\WINDOWS\System32\SHELL32.dll
0x00007ff9896c0000 - 0x00007ff989fbf000 	C:\WINDOWS\SYSTEM32\windows.storage.dll
0x00007ff989580000 - 0x00007ff9896bf000 	C:\WINDOWS\SYSTEM32\wintypes.dll
0x00007ff98cba0000 - 0x00007ff98cc99000 	C:\WINDOWS\System32\SHCORE.dll
0x00007ff98c260000 - 0x00007ff98c2be000 	C:\WINDOWS\System32\shlwapi.dll
0x00007ff98b6f0000 - 0x00007ff98b717000 	C:\WINDOWS\SYSTEM32\profapi.dll
0x00007ff963d10000 - 0x00007ff963d29000 	C:\Users\ADMIN\.vscode\extensions\redhat.java-1.35.1-win32-x64\jre\17.0.12-win32-x86_64\bin\net.dll
0x00007ff983b60000 - 0x00007ff983c96000 	C:\WINDOWS\SYSTEM32\WINHTTP.dll
0x00007ff98ad50000 - 0x00007ff98adb9000 	C:\WINDOWS\system32\mswsock.dll
0x00007ff97a910000 - 0x00007ff97a926000 	C:\Users\ADMIN\.vscode\extensions\redhat.java-1.35.1-win32-x64\jre\17.0.12-win32-x86_64\bin\nio.dll
0x00007ff983e80000 - 0x00007ff983e90000 	c:\Users\ADMIN\.vscode\extensions\redhat.java-1.35.1-win32-x64\jre\17.0.12-win32-x86_64\bin\verify.dll
0x00007ff95c400000 - 0x00007ff95c445000 	C:\Users\ADMIN\AppData\Roaming\Code\User\globalStorage\redhat.java\1.35.1\config_ss_win\org.eclipse.equinox.launcher\org.eclipse.equinox.launcher.win32.win32.x86_64_1.2.1100.v20240722-2106\eclipse_11904.dll
0x00007ff98c4d0000 - 0x00007ff98c675000 	C:\WINDOWS\System32\ole32.dll
0x00007ff9832f0000 - 0x00007ff9832f9000 	C:\Users\ADMIN\.vscode\extensions\redhat.java-1.35.1-win32-x64\jre\17.0.12-win32-x86_64\bin\management.dll
0x00007ff97aa40000 - 0x00007ff97aa4b000 	C:\Users\ADMIN\.vscode\extensions\redhat.java-1.35.1-win32-x64\jre\17.0.12-win32-x86_64\bin\management_ext.dll
0x00007ff98dfe0000 - 0x00007ff98dfe8000 	C:\WINDOWS\System32\PSAPI.DLL
0x00007ff98afc0000 - 0x00007ff98afdb000 	C:\WINDOWS\SYSTEM32\CRYPTSP.dll
0x00007ff98a820000 - 0x00007ff98a855000 	C:\WINDOWS\system32\rsaenh.dll
0x00007ff98ae60000 - 0x00007ff98ae88000 	C:\WINDOWS\SYSTEM32\USERENV.dll
0x00007ff98afe0000 - 0x00007ff98afec000 	C:\WINDOWS\SYSTEM32\CRYPTBASE.dll
0x00007ff98a290000 - 0x00007ff98a2bd000 	C:\WINDOWS\SYSTEM32\IPHLPAPI.DLL
0x00007ff98dcd0000 - 0x00007ff98dcd9000 	C:\WINDOWS\System32\NSI.dll
0x00007ff983ce0000 - 0x00007ff983cf9000 	C:\WINDOWS\SYSTEM32\dhcpcsvc6.DLL
0x00007ff983720000 - 0x00007ff98373f000 	C:\WINDOWS\SYSTEM32\dhcpcsvc.DLL
0x00007ff98a300000 - 0x00007ff98a402000 	C:\WINDOWS\SYSTEM32\DNSAPI.dll
0x00007ff95bc20000 - 0x00007ff95bc69000 	C:\Users\ADMIN\AppData\Local\Temp\jna-62130991\jna12734036676857582320.dll

dbghelp: loaded successfully - version: 4.0.5 - missing functions: none
symbol engine: initialized successfully - sym options: 0x614 - pdb path: .;c:\Users\ADMIN\.vscode\extensions\redhat.java-1.35.1-win32-x64\jre\17.0.12-win32-x86_64\bin;C:\WINDOWS\SYSTEM32;C:\WINDOWS\WinSxS\amd64_microsoft.windows.common-controls_6595b64144ccf1df_6.0.22621.3672_none_2713b9d173822955;c:\Users\ADMIN\.vscode\extensions\redhat.java-1.35.1-win32-x64\jre\17.0.12-win32-x86_64\bin\server;C:\Users\ADMIN\AppData\Roaming\Code\User\globalStorage\redhat.java\1.35.1\config_ss_win\org.eclipse.equinox.launcher\org.eclipse.equinox.launcher.win32.win32.x86_64_1.2.1100.v20240722-2106;C:\Users\ADMIN\AppData\Local\Temp\jna-62130991

VM Arguments:
jvm_args: --add-modules=ALL-SYSTEM --add-opens=java.base/java.util=ALL-UNNAMED --add-opens=java.base/java.lang=ALL-UNNAMED --add-opens=java.base/sun.nio.fs=ALL-UNNAMED -Declipse.application=org.eclipse.jdt.ls.core.id1 -Dosgi.bundles.defaultStartLevel=4 -Declipse.product=org.eclipse.jdt.ls.core.product -Djava.import.generatesMetadataFilesAtProjectRoot=false -DDetectVMInstallationsJob.disabled=true -Dfile.encoding=utf8 -XX:+UseParallelGC -XX:GCTimeRatio=4 -XX:AdaptiveSizePolicyWeight=90 -Dsun.zip.disableMemoryMapping=true -Xmx1G -Xms100m -Xlog:disable -javaagent:c:\Users\ADMIN\.vscode\extensions\redhat.java-1.35.1-win32-x64\lombok\lombok-1.18.33.jar 
java_command: c:\Users\ADMIN\.vscode\extensions\redhat.java-1.35.1-win32-x64\server\plugins\org.eclipse.equinox.launcher_1.6.900.v20240613-2009.jar -configuration c:\Users\ADMIN\AppData\Roaming\Code\User\globalStorage\redhat.java\1.35.1\config_ss_win -data c:\Users\ADMIN\AppData\Roaming\Code\User\workspaceStorage\51f3c05196406fc1e99e46b9fb7eb1d3\redhat.java\ss_ws --pipe=\\.\pipe\lsp-79d39edc113465ac0f564bc08c789eba-sock
java_class_path (initial): c:\Users\ADMIN\.vscode\extensions\redhat.java-1.35.1-win32-x64\server\plugins\org.eclipse.equinox.launcher_1.6.900.v20240613-2009.jar
Launcher Type: SUN_STANDARD

[Global flags]
    uintx AdaptiveSizePolicyWeight                 = 90                                        {product} {command line}
     intx CICompilerCount                          = 4                                         {product} {ergonomic}
    uintx GCTimeRatio                              = 4                                         {product} {command line}
   size_t InitialHeapSize                          = 104857600                                 {product} {command line}
   size_t MaxHeapSize                              = 1073741824                                {product} {command line}
   size_t MaxNewSize                               = 357564416                                 {product} {ergonomic}
   size_t MinHeapDeltaBytes                        = 524288                                    {product} {ergonomic}
   size_t MinHeapSize                              = 104857600                                 {product} {command line}
   size_t NewSize                                  = 34603008                                  {product} {ergonomic}
    uintx NonNMethodCodeHeapSize                   = 5839372                                {pd product} {ergonomic}
    uintx NonProfiledCodeHeapSize                  = 122909434                              {pd product} {ergonomic}
   size_t OldSize                                  = 70254592                                  {product} {ergonomic}
    uintx ProfiledCodeHeapSize                     = 122909434                              {pd product} {ergonomic}
    uintx ReservedCodeCacheSize                    = 251658240                              {pd product} {ergonomic}
     bool SegmentedCodeCache                       = true                                      {product} {ergonomic}
   size_t SoftMaxHeapSize                          = 1073741824                             {manageable} {ergonomic}
     bool UseCompressedClassPointers               = true                           {product lp64_product} {ergonomic}
     bool UseCompressedOops                        = true                           {product lp64_product} {ergonomic}
     bool UseLargePagesIndividualAllocation        = false                                  {pd product} {ergonomic}
     bool UseParallelGC                            = true                                      {product} {command line}

Logging:
Log output configuration:
 #0: stdout all=off uptime,level,tags
 #1: stderr all=off uptime,level,tags

Environment Variables:
JAVA_HOME=C:\Program Files\Java\jdk-22
PATH=C:\Program Files\Common Files\Oracle\Java\javapath;C:\Program Files (x86)\Common Files\Oracle\Java\javapath;C:\Windows\system32;C:\Windows;C:\Windows\System32\Wbem;C:\Windows\System32\WindowsPowerShell\v1.0\;C:\Windows\System32\OpenSSH\;C:\Program Files (x86)\NVIDIA Corporation\PhysX\Common;C:\Program Files\NVIDIA Corporation\NVIDIA NvDLISR;C:\Program Files\nodejs\;C:\Program Files\Git\cmd;D:\xampp\php;C:\WINDOWS\system32;C:\WINDOWS;C:\WINDOWS\System32\Wbem;C:\WINDOWS\System32\WindowsPowerShell\v1.0\;C:\WINDOWS\System32\OpenSSH\;C:\Users\ADMIN\AppData\Local\Programs\Python\Python311;C:\Users\ADMIN\AppData\Local\Programs\Python\Python311\Scripts;C:\Program Files (x86)\Microsoft SQL Server\160\Tools\Binn\;C:\Program Files\Microsoft SQL Server\160\Tools\Binn\;C:\Program Files\Microsoft SQL Server\Client SDK\ODBC\170\Tools\Binn\;C:\Program Files\Microsoft SQL Server\160\DTS\Binn\;C:\Program Files (x86)\Microsoft SQL Server\160\DTS\Binn\;C:\Program Files\Azure Data Studio\bin;C:\Program Files\Java\jdk-21\bin;C:\Program Files\Cloudflare\Cloudflare WARP\;C:\Program Files\dotnet\;C:\Users\ADMIN\AppData\Local\Android\Sdk\platform-tools;C:\Users\ADMIN\AppData\Local\Android\Sdk\tools;D:\apache-maven-3.9.9\bin;D:\PostgreSQL\17\bin;C:\Users\ADMIN\AppData\Local\Programs\Python\Python311\Scripts\;C:\Users\ADMIN\AppData\Local\Programs\Python\Python311\;C:\Users\ADMIN\AppData\Local\Microsoft\WindowsApps;C:\Users\ADMIN\AppData\Local\Programs\Microsoft VS Code\bin;C:\Users\ADMIN\AppData\Roaming\npm;C:\msys64\mingw64\bin;C:\Program Files\Azure Data Studio\bin;C:\modeltech64_2020.4\win64;C:\Program Files\JetBrains\IntelliJ IDEA Community Edition 2023.3.4\bin;;C:\Users\ADMIN\AppData\Local\GitHubDesktop\bin;C:\Users\ADMIN\.dotnet\tools;D:\quartus\modelsim_ase\win32aloem;D:\apache-maven-3.9.9\bin;
USERNAME=ADMIN
OS=Windows_NT
PROCESSOR_IDENTIFIER=Intel64 Family 6 Model 141 Stepping 1, GenuineIntel
TMP=C:\Users\ADMIN\AppData\Local\Temp
TEMP=C:\Users\ADMIN\AppData\Local\Temp



Periodic native trim disabled


---------------  S Y S T E M  ---------------

OS:
 Windows 11 , 64 bit Build 22621 (10.0.22621.3958)
OS uptime: 2 days 7:22 hours
Hyper-V role detected

CPU: total 12 (initial active 12) (6 cores per cpu, 2 threads per core) family 6 model 141 stepping 1 microcode 0x34, cx8, cmov, fxsr, ht, mmx, 3dnowpref, sse, sse2, sse3, ssse3, sse4.1, sse4.2, popcnt, lzcnt, tsc, tscinvbit, avx, avx2, aes, erms, clmul, bmi1, bmi2, adx, avx512f, avx512dq, avx512cd, avx512bw, avx512vl, sha, fma, vzeroupper, avx512_vpopcntdq, avx512_vpclmulqdq, avx512_vaes, avx512_vnni, clflush, clflushopt, clwb, avx512_vbmi2, avx512_vbmi, hv
Processor Information for all 12 processors :
  Max Mhz: 2688, Current Mhz: 2688, Mhz Limit: 2688

Memory: 4k page, system-wide physical 16163M (1032M free)
TotalPageFile size 24355M (AvailPageFile size 5M)
current process WorkingSet (physical memory assigned to process): 153M, peak: 153M
current process commit charge ("private bytes"): 268M, peak: 268M

vm_info: OpenJDK 64-Bit Server VM (17.0.12+7) for windows-amd64 JRE (17.0.12+7), built on Jul 16 2024 22:08:24 by "admin" with MS VC++ 16.10 / 16.11 (VS2019)

END.
